TN:
SF:C:\Users\marin\Desktop\pokemon_api_vue\src\App.vue
FN:15,(anonymous_1)
FNF:1
FNH:0
FNDA:0,(anonymous_1)
DA:11,0
DA:15,0
LF:2
LH:0
BRF:0
BRH:0
end_of_record
TN:
SF:C:\Users\marin\Desktop\pokemon_api_vue\src\main.js
FN:13,(anonymous_0)
FNF:1
FNH:0
FNDA:0,(anonymous_0)
DA:7,0
DA:9,0
DA:13,0
LF:3
LH:0
BRF:0
BRH:0
end_of_record
TN:
SF:C:\Users\marin\Desktop\pokemon_api_vue\src\components\CustomBtn.vue
FN:25,(anonymous_1)
FN:30,(anonymous_2)
FN:32,(anonymous_3)
FNF:3
FNH:0
FNDA:0,(anonymous_1)
FNDA:0,(anonymous_2)
FNDA:0,(anonymous_3)
DA:26,0
DA:31,0
DA:32,0
DA:33,0
DA:34,0
DA:37,0
DA:38,0
DA:40,0
LF:8
LH:0
BRDA:33,0,0,0
BRDA:33,0,1,0
BRDA:37,1,0,0
BRDA:37,1,1,0
BRF:4
BRH:0
end_of_record
TN:
SF:C:\Users\marin\Desktop\pokemon_api_vue\src\components\LoadingCard.vue
FN:19,(anonymous_1)
FNF:1
FNH:0
FNDA:0,(anonymous_1)
DA:20,0
LF:1
LH:0
BRF:0
BRH:0
end_of_record
TN:
SF:C:\Users\marin\Desktop\pokemon_api_vue\src\components\Navigation.vue
FN:46,(anonymous_1)
FN:54,(anonymous_2)
FN:59,(anonymous_3)
FNF:3
FNH:3
FNDA:1,(anonymous_1)
FNDA:1,(anonymous_2)
FNDA:1,(anonymous_3)
DA:43,1
DA:47,1
DA:55,1
DA:60,1
LF:4
LH:4
BRF:0
BRH:0
end_of_record
TN:
SF:C:\Users\marin\Desktop\pokemon_api_vue\src\components\PokemonCard.vue
FN:51,(anonymous_1)
FN:64,(anonymous_2)
FN:67,(anonymous_3)
FNF:3
FNH:0
FNDA:0,(anonymous_1)
FNDA:0,(anonymous_2)
FNDA:0,(anonymous_3)
DA:38,1
DA:39,1
DA:40,1
DA:41,1
DA:52,0
DA:65,0
DA:66,0
DA:67,0
DA:68,0
DA:70,0
DA:71,0
DA:73,0
LF:12
LH:4
BRF:0
BRH:0
end_of_record
TN:
SF:C:\Users\marin\Desktop\pokemon_api_vue\src\components\SnackBar.vue
FN:31,(anonymous_1)
FN:37,(anonymous_2)
FNF:2
FNH:0
FNDA:0,(anonymous_1)
FNDA:0,(anonymous_2)
DA:22,1
DA:32,0
DA:38,0
LF:3
LH:1
BRF:0
BRH:0
end_of_record
TN:
SF:C:\Users\marin\Desktop\pokemon_api_vue\src\components\componentConst.js
FNF:0
FNH:0
DA:1,1
DA:2,1
DA:3,1
LF:3
LH:3
BRF:0
BRH:0
end_of_record
TN:
SF:C:\Users\marin\Desktop\pokemon_api_vue\src\mixins\format.js
FN:3,(anonymous_0)
FNF:1
FNH:0
FNDA:0,(anonymous_0)
DA:4,0
LF:1
LH:0
BRF:0
BRH:0
end_of_record
TN:
SF:C:\Users\marin\Desktop\pokemon_api_vue\src\plugins\vuetify.js
FNF:0
FNH:0
DA:4,0
LF:1
LH:0
BRF:0
BRH:0
end_of_record
TN:
SF:C:\Users\marin\Desktop\pokemon_api_vue\src\router\index.js
FNF:0
FNH:0
DA:9,0
DA:11,0
DA:34,0
LF:3
LH:0
BRF:0
BRH:0
end_of_record
TN:
SF:C:\Users\marin\Desktop\pokemon_api_vue\src\router\routesNames.js
FNF:0
FNH:0
DA:1,2
DA:2,2
DA:3,2
DA:4,2
LF:4
LH:4
BRF:0
BRH:0
end_of_record
TN:
SF:C:\Users\marin\Desktop\pokemon_api_vue\src\services\pokemon.js
FN:9,gottaCatchEmAll
FN:24,getPokemonByName
FN:38,getPokemonById
FNF:3
FNH:1
FNDA:1,gottaCatchEmAll
FNDA:0,getPokemonByName
FNDA:0,getPokemonById
DA:6,1
DA:10,1
DA:11,1
DA:13,0
DA:15,0
DA:25,0
DA:26,0
DA:27,0
DA:29,0
DA:39,0
DA:40,0
DA:41,0
DA:43,0
LF:13
LH:3
BRF:0
BRH:0
end_of_record
TN:
SF:C:\Users\marin\Desktop\pokemon_api_vue\src\store\index.js
FN:13,(anonymous_0)
FN:16,(anonymous_1)
FN:18,(anonymous_2)
FN:21,(anonymous_3)
FNF:4
FNH:0
FNDA:0,(anonymous_0)
FNDA:0,(anonymous_1)
FNDA:0,(anonymous_2)
FNDA:0,(anonymous_3)
DA:5,0
DA:14,0
DA:17,0
DA:18,0
DA:22,0
LF:5
LH:0
BRF:0
BRH:0
end_of_record
TN:
SF:C:\Users\marin\Desktop\pokemon_api_vue\src\store\storeConstants.js
FNF:0
FNH:0
DA:1,1
DA:2,1
DA:3,1
LF:3
LH:3
BRF:0
BRH:0
end_of_record
TN:
SF:C:\Users\marin\Desktop\pokemon_api_vue\src\views\BagPage.vue
FN:48,(anonymous_1)
FN:57,(anonymous_2)
FN:63,(anonymous_3)
FN:68,(anonymous_4)
FN:71,(anonymous_5)
FNF:5
FNH:0
FNDA:0,(anonymous_1)
FNDA:0,(anonymous_2)
FNDA:0,(anonymous_3)
FNDA:0,(anonymous_4)
FNDA:0,(anonymous_5)
DA:40,0
DA:41,0
DA:42,0
DA:43,0
DA:44,0
DA:49,0
DA:58,0
DA:59,0
DA:60,0
DA:61,0
DA:64,0
DA:69,0
DA:72,0
DA:73,0
DA:75,0
LF:15
LH:0
BRDA:72,0,0,0
BRDA:72,0,1,0
BRF:2
BRH:0
end_of_record
TN:
SF:C:\Users\marin\Desktop\pokemon_api_vue\src\views\HomePage.vue
FN:58,(anonymous_1)
FN:66,(anonymous_2)
FN:74,(anonymous_3)
FN:80,(anonymous_4)
FNF:4
FNH:3
FNDA:1,(anonymous_1)
FNDA:1,(anonymous_2)
FNDA:1,(anonymous_3)
FNDA:0,(anonymous_4)
DA:47,1
DA:48,1
DA:49,1
DA:50,1
DA:51,1
DA:52,1
DA:53,1
DA:58,1
DA:67,1
DA:68,1
DA:70,0
DA:75,1
DA:76,1
DA:77,0
DA:78,0
DA:81,0
LF:16
LH:12
BRF:0
BRH:0
end_of_record
TN:
SF:C:\Users\marin\Desktop\pokemon_api_vue\src\views\Pokemon.vue
FN:13,(anonymous_1)
FN:17,(anonymous_2)
FNF:2
FNH:0
FNDA:0,(anonymous_1)
FNDA:0,(anonymous_2)
DA:10,0
DA:13,0
DA:18,0
DA:19,0
DA:20,0
DA:22,0
LF:6
LH:0
BRF:0
BRH:0
end_of_record
